d:\apps\visual studio - source\playerpro\playerpro\x64\debug\vc142.pdb
d:\apps\visual studio - source\playerpro\playerpro\x64\debug\vc142.idb
d:\apps\visual studio - source\playerpro\playerpro\x64\debug\win-wavedriver.obj
d:\apps\visual studio - source\playerpro\playerpro\x64\debug\win-plugimport.obj
d:\apps\visual studio - source\playerpro\playerpro\x64\debug\win-directsound.obj
d:\apps\visual studio - source\playerpro\playerpro\x64\debug\tickremover.obj
d:\apps\visual studio - source\playerpro\playerpro\x64\debug\stub-vstplugin.obj
d:\apps\visual studio - source\playerpro\playerpro\x64\debug\realft.obj
d:\apps\visual studio - source\playerpro\playerpro\x64\debug\output8.obj
d:\apps\visual studio - source\playerpro\playerpro\x64\debug\mydebugstr.obj
d:\apps\visual studio - source\playerpro\playerpro\x64\debug\midi-hardware-stub.obj
d:\apps\visual studio - source\playerpro\playerpro\x64\debug\maindriver.obj
d:\apps\visual studio - source\playerpro\playerpro\x64\debug\maddriver.obj
d:\apps\visual studio - source\playerpro\playerpro\x64\debug\interrupt.obj
d:\apps\visual studio - source\playerpro\playerpro\x64\debug\fileutils.obj
d:\apps\visual studio - source\playerpro\playerpro\x64\debug\effects.obj
d:\apps\visual studio - source\playerpro\playerpro\x64\debug\delayoutput.obj
d:\apps\visual studio - source\playerpro\x64\debug\playerpro.ilk
d:\apps\visual studio - source\playerpro\x64\debug\playerpro.dll
d:\apps\visual studio - source\playerpro\x64\debug\playerpro.pdb
d:\apps\visual studio - source\playerpro\x64\debug\playerpro.lib
d:\apps\visual studio - source\playerpro\x64\debug\playerpro.exp
d:\apps\visual studio - source\playerpro\playerpro\x64\debug\playerpro.tlog\cl.command.1.tlog
d:\apps\visual studio - source\playerpro\playerpro\x64\debug\playerpro.tlog\cl.read.1.tlog
d:\apps\visual studio - source\playerpro\playerpro\x64\debug\playerpro.tlog\cl.write.1.tlog
d:\apps\visual studio - source\playerpro\playerpro\x64\debug\playerpro.tlog\link.command.1.tlog
d:\apps\visual studio - source\playerpro\playerpro\x64\debug\playerpro.tlog\link.read.1.tlog
d:\apps\visual studio - source\playerpro\playerpro\x64\debug\playerpro.tlog\link.write.1.tlog
d:\apps\visual studio - source\playerpro\playerpro\x64\debug\playerpro.tlog\playerpro.write.1u.tlog
