d:\apps\visual studio - source\playerpro\playerpro\x64\release\vc142.pdb
d:\apps\visual studio - source\playerpro\playerpro\x64\release\win-wavedriver.obj
d:\apps\visual studio - source\playerpro\playerpro\x64\release\win-plugimport.obj
d:\apps\visual studio - source\playerpro\playerpro\x64\release\win-directsound.obj
d:\apps\visual studio - source\playerpro\playerpro\x64\release\tickremover.obj
d:\apps\visual studio - source\playerpro\playerpro\x64\release\stub-vstplugin.obj
d:\apps\visual studio - source\playerpro\playerpro\x64\release\realft.obj
d:\apps\visual studio - source\playerpro\playerpro\x64\release\output8.obj
d:\apps\visual studio - source\playerpro\playerpro\x64\release\mydebugstr.obj
d:\apps\visual studio - source\playerpro\playerpro\x64\release\midi-hardware-stub.obj
d:\apps\visual studio - source\playerpro\playerpro\x64\release\maindriver.obj
d:\apps\visual studio - source\playerpro\playerpro\x64\release\maddriver.obj
d:\apps\visual studio - source\playerpro\playerpro\x64\release\interrupt.obj
d:\apps\visual studio - source\playerpro\playerpro\x64\release\fileutils.obj
d:\apps\visual studio - source\playerpro\playerpro\x64\release\effects.obj
d:\apps\visual studio - source\playerpro\playerpro\x64\release\delayoutput.obj
d:\apps\visual studio - source\playerpro\x64\release\playerprotest.dll
d:\apps\visual studio - source\playerpro\x64\release\playerprotest.pdb
d:\apps\visual studio - source\playerpro\x64\release\playerprotest.lib
d:\apps\visual studio - source\playerpro\x64\release\playerprotest.exp
d:\apps\visual studio - source\playerpro\x64\release\playerprotest.ipdb
d:\apps\visual studio - source\playerpro\x64\release\playerprotest.iobj
d:\apps\visual studio - source\playerpro\playerpro\x64\release\playerpro.tlog\cl.command.1.tlog
d:\apps\visual studio - source\playerpro\playerpro\x64\release\playerpro.tlog\cl.read.1.tlog
d:\apps\visual studio - source\playerpro\playerpro\x64\release\playerpro.tlog\cl.write.1.tlog
d:\apps\visual studio - source\playerpro\playerpro\x64\release\playerpro.tlog\link.command.1.tlog
d:\apps\visual studio - source\playerpro\playerpro\x64\release\playerpro.tlog\link.read.1.tlog
d:\apps\visual studio - source\playerpro\playerpro\x64\release\playerpro.tlog\link.write.1.tlog
d:\apps\visual studio - source\playerpro\playerpro\x64\release\playerpro.tlog\playerpro.write.1u.tlog
