C:\Program Files (x86)\Microsoft Visual Studio\2019\Community\MSBuild\Microsoft\VC\v160\Microsoft.CppBuild.targets(438,5): warning MSB8004: Output Directory does not end with a trailing slash.  This build instance will add the slash as it is required to allow proper evaluation of the Output Directory.
  MADh.c
D:\Apps\Visual Studio - Source\PlayerPRO\PlayerPRO\MADDriver.source\MAD.h(41,9): warning C4068: unknown pragma
D:\Apps\Visual Studio - Source\PlayerPRO\PlayerPRO\MADDriver.source\MAD.h(65,9): warning C4068: unknown pragma
D:\Apps\Visual Studio - Source\PlayerPRO\PlayerPRO\MADDriver.source\MAD.h(127,9): warning C4068: unknown pragma
D:\Apps\Visual Studio - Source\PlayerPRO\PlayerPRO\MADDriver.source\MAD.h(222,9): warning C4068: unknown pragma
D:\Apps\Visual Studio - Source\PlayerPRO\PlayerPRO\MADDriver.source\MAD.h(294,9): warning C4068: unknown pragma
D:\Apps\Visual Studio - Source\PlayerPRO\PlayerPRO\MADDriver.source\RDriver.h(263,9): warning C4068: unknown pragma
D:\Apps\Visual Studio - Source\PlayerPRO\PlayerPRO\MADDriver.source\RDriver.h(655,9): warning C4068: unknown pragma
D:\Apps\Visual Studio - Source\PlayerPRO\PlayerPRO\MADDriver.source\RDriver.h(657,9): warning C4068: unknown pragma
D:\Apps\Visual Studio - Source\PlayerPRO\PlayerPRO\MADDriver.source\RDriver.h(707,9): warning C4068: unknown pragma
D:\Apps\Visual Studio - Source\PlayerPRO\PlayerPRO\MADDriver.source\RDriver.h(743,9): warning C4068: unknown pragma
D:\Apps\Visual Studio - Source\PlayerPRO\PlayerPRO\MADDriver.source\RDriver.h(770,9): warning C4068: unknown pragma
D:\Apps\Visual Studio - Source\PlayerPRO\PlayerPRO\MADDriver.source\RDriver.h(914,9): warning C4068: unknown pragma
D:\Apps\Visual Studio - Source\PlayerPRO\PlayerPRO\MADDriver.source\RDriver.h(943,9): warning C4068: unknown pragma
D:\Apps\Visual Studio - Source\PlayerPRO\PlayerPRO\MADDriver.source\RDriver.h(955,9): warning C4068: unknown pragma
D:\Apps\Visual Studio - Source\PlayerPRO\PlayerPRO\MADDriver.source\MADFileUtils.h(318,17): warning C4267: '=': conversion from 'size_t' to 'short', possible loss of data
     Creating library D:\Apps\Visual Studio - Source\PlayerPRO\x64\Release\plugins\MADh.lib and object D:\Apps\Visual Studio - Source\PlayerPRO\x64\Release\plugins\MADh.exp
  Generating code
  Previous IPDB not found, fall back to full compilation.
  All 16 functions were compiled because no usable IPDB/IOBJ from previous compilation was found.
  Finished generating code
  MADh.vcxproj -> D:\Apps\Visual Studio - Source\PlayerPRO\x64\Release\plugins\MADh.PLG
